[LOG] System::create                           : Header version = 2.00.04. Current version = 2.00.04.
[LOG] Manager::init                            : maxchannels = 256 studioflags = 00000006 flags 00000000 extradriverdata 0000000000000000.
[LOG] SystemI::init                            : Initialize version=20004 (104705), maxchannels=256, flags=0x00020000
[LOG] SystemI::setOutputInternal               : Setting output to 'FMOD WASAPI Output'
[LOG] OutputWASAPI::init                       : Mix Format (WAVEFORMATEX): wFormatTag=0xFFFE, nChannels=2, nSamplesPerSec=44100, nAvgBytesPerSec=352800, nBlockAlign=8, wBitsPerSample=32, cbSize=22.
[LOG] OutputWASAPI::init                       : Mix Format (WAVEFORMATEXTENSIBLE): wValidBitsPerSample=32, dwChannelMask=0x00000003, SubFormat=00000003-0000-0010-8000-00AA00389B71.
[LOG] OutputWASAPI::init                       : Output buffer size: 3760 samples, latency: 0.00ms, period: 10.00ms, DSP buffer: 1024 * 4
[WRN] SystemI::init                            : Output requires a sample rate of 44100Hz, resampling will occur.
[LOG] Thread::initThread                       : Init FMOD stream thread. Priority: 2, Stack Size: 98304, Semaphore: No, Sleep Time: 10, Looping: Yes.
[LOG] Thread::initThread                       : Init FMOD mixer thread. Priority: 3, Stack Size: 81920, Semaphore: No, Sleep Time: 0, Looping: Yes.
[LOG] AsyncManager::init                       : manager 0000019A312A4818 isAsync 0 updatePeriod 0.02
[LOG] AsyncManager::init                       : done
[LOG] PlaybackSystem::init                     : 
[LOG] Thread::initThread                       : Init FMOD Studio sample load thread. Priority: 0, Stack Size: 98304, Semaphore: No, Sleep Time: 1, Looping: No.
[LOG] PlaybackSystem::init                     : done
[LOG] Thread::initThread                       : Init FMOD Studio bank load thread. Priority: 0, Stack Size: 98304, Semaphore: No, Sleep Time: 1, Looping: No.
[LOG] Manager::init                            : done.
[LOG] Manager::readBank                        : fileversion = 121, compatVersion = 119 (oldest = 44, newest = 121)
[LOG] SystemI::createSoundInternal             : Create name='', mode=0x02000202
[LOG] SystemI::createSoundInternal             : exinfo->cbsize             = 224
[LOG] SystemI::createSoundInternal             : exinfo->length             = 2570112
[LOG] SystemI::createSoundInternal             : exinfo->fileoffset         = 55136
[LOG] SystemI::createSoundInternal             : exinfo->numsubsounds       = 1
[LOG] SystemI::createSoundInternal             : exinfo->inclusionlist      = 0000004D4925F31C
[LOG] SystemI::createSoundInternal             : exinfo->inclusionlistnum   = 1
[LOG] SystemI::createSoundInternal             : exinfo->suggestedsoundtype = 5
[LOG] SystemI::createSoundInternal             : exinfo->useropen           = 00007FFD04AE7050
[LOG] SystemI::createSoundInternal             : exinfo->userclose          = 00007FFD04AE7020
[LOG] SystemI::createSoundInternal             : exinfo->userread           = 00007FFD04AE7120
[LOG] SystemI::createSoundInternal             : exinfo->userseek           = 00007FFD04AE71E0
[LOG] SystemI::createSoundInternal             : exinfo->fileuserdata       = 0000019A2DC7D7A8
[LOG] SystemI::createSoundInternal             : exinfo->initialseekpostype = 1
[LOG] SystemI::DSPCodecPoolRegister            : register codec pool for pool type 5
[LOG] SystemI::createSoundInternal             : Sample 0/1: name='Dash03', format=2, channels=1, frequency=48000, lengthbytes=2112, lengthpcm=10579, pcmblocksize=0, loopstart=0, loopend=0, mode=0x00000000, channelmask=0x00000000, channelorder=0, peakvolume=0.371338.
[LOG] SystemI::createSoundInternal             : Create name='', mode=0x02000202
[LOG] SystemI::createSoundInternal             : exinfo->cbsize             = 224
[LOG] SystemI::createSoundInternal             : exinfo->length             = 2570112
[LOG] SystemI::createSoundInternal             : exinfo->fileoffset         = 55136
[LOG] SystemI::createSoundInternal             : exinfo->numsubsounds       = 1
[LOG] SystemI::createSoundInternal             : exinfo->inclusionlist      = 0000004D4925F31C
[LOG] SystemI::createSoundInternal             : exinfo->inclusionlistnum   = 1
[LOG] SystemI::createSoundInternal             : exinfo->suggestedsoundtype = 5
[LOG] SystemI::createSoundInternal             : exinfo->useropen           = 00007FFD04AE7050
[LOG] SystemI::createSoundInternal             : exinfo->userclose          = 00007FFD04AE7020
[LOG] SystemI::createSoundInternal             : exinfo->userread           = 00007FFD04AE7120
[LOG] SystemI::createSoundInternal             : exinfo->userseek           = 00007FFD04AE71E0
[LOG] SystemI::createSoundInternal             : exinfo->fileuserdata       = 0000019A2DC7D7A8
[LOG] SystemI::createSoundInternal             : exinfo->initialseekpostype = 1
[LOG] SystemI::DSPCodecPoolRegister            : register codec pool for pool type 5
[LOG] SystemI::createSoundInternal             : Sample 0/1: name='Whip02', format=2, channels=1, frequency=48000, lengthbytes=1408, lengthpcm=10677, pcmblocksize=0, loopstart=0, loopend=0, mode=0x00000000, channelmask=0x00000000, channelorder=0, peakvolume=0.580536.
[LOG] SystemI::createSoundInternal             : Create name='', mode=0x02000202
[LOG] SystemI::createSoundInternal             : exinfo->cbsize             = 224
[LOG] SystemI::createSoundInternal             : exinfo->length             = 2570112
[LOG] SystemI::createSoundInternal             : exinfo->fileoffset         = 55136
[LOG] SystemI::createSoundInternal             : exinfo->numsubsounds       = 1
[LOG] SystemI::createSoundInternal             : exinfo->inclusionlist      = 0000004D4925F31C
[LOG] SystemI::createSoundInternal             : exinfo->inclusionlistnum   = 1
[LOG] SystemI::createSoundInternal             : exinfo->suggestedsoundtype = 5
[LOG] SystemI::createSoundInternal             : exinfo->useropen           = 00007FFD04AE7050
[LOG] SystemI::createSoundInternal             : exinfo->userclose          = 00007FFD04AE7020
[LOG] SystemI::createSoundInternal             : exinfo->userread           = 00007FFD04AE7120
[LOG] SystemI::createSoundInternal             : exinfo->userseek           = 00007FFD04AE71E0
[LOG] SystemI::createSoundInternal             : exinfo->fileuserdata       = 0000019A2DC7D7A8
[LOG] SystemI::createSoundInternal             : exinfo->initialseekpostype = 1
[LOG] SystemI::DSPCodecPoolRegister            : register codec pool for pool type 5
[LOG] SystemI::createSoundInternal             : Sample 0/1: name='Whip03', format=2, channels=1, frequency=48000, lengthbytes=1536, lengthpcm=10158, pcmblocksize=0, loopstart=0, loopend=0, mode=0x00000000, channelmask=0x00000000, channelorder=0, peakvolume=0.518097.
[LOG] SystemI::createSoundInternal             : Create name='', mode=0x02000202
[LOG] SystemI::createSoundInternal             : exinfo->cbsize             = 224
[LOG] SystemI::createSoundInternal             : exinfo->length             = 2570112
[LOG] SystemI::createSoundInternal             : exinfo->fileoffset         = 55136
[LOG] SystemI::createSoundInternal             : exinfo->numsubsounds       = 1
[LOG] SystemI::createSoundInternal             : exinfo->inclusionlist      = 0000004D4925F31C
[LOG] SystemI::createSoundInternal             : exinfo->inclusionlistnum   = 1
[LOG] SystemI::createSoundInternal             : exinfo->suggestedsoundtype = 5
[LOG] SystemI::createSoundInternal             : exinfo->useropen           = 00007FFD04AE7050
[LOG] SystemI::createSoundInternal             : exinfo->userclose          = 00007FFD04AE7020
[LOG] SystemI::createSoundInternal             : exinfo->userread           = 00007FFD04AE7120
[LOG] SystemI::createSoundInternal             : exinfo->userseek           = 00007FFD04AE71E0
[LOG] SystemI::createSoundInternal             : exinfo->fileuserdata       = 0000019A2DC7D7A8
[LOG] SystemI::createSoundInternal             : exinfo->initialseekpostype = 1
[LOG] SystemI::DSPCodecPoolRegister            : register codec pool for pool type 5
[LOG] SystemI::createSoundInternal             : Sample 0/1: name='Whip04', format=2, channels=1, frequency=48000, lengthbytes=1600, lengthpcm=10158, pcmblocksize=0, loopstart=0, loopend=0, mode=0x00000000, channelmask=0x00000000, channelorder=0, peakvolume=0.741760.
[LOG] SystemI::createSoundInternal             : Create name='', mode=0x02000202
[LOG] SystemI::createSoundInternal             : exinfo->cbsize             = 224
[LOG] SystemI::createSoundInternal             : exinfo->length             = 2570112
[LOG] SystemI::createSoundInternal             : exinfo->fileoffset         = 55136
[LOG] SystemI::createSoundInternal             : exinfo->numsubsounds       = 1
[LOG] SystemI::createSoundInternal             : exinfo->inclusionlist      = 0000004D4925F31C
[LOG] SystemI::createSoundInternal             : exinfo->inclusionlistnum   = 1
[LOG] SystemI::createSoundInternal             : exinfo->suggestedsoundtype = 5
[LOG] SystemI::createSoundInternal             : exinfo->useropen           = 00007FFD04AE7050
[LOG] SystemI::createSoundInternal             : exinfo->userclose          = 00007FFD04AE7020
[LOG] SystemI::createSoundInternal             : exinfo->userread           = 00007FFD04AE7120
[LOG] SystemI::createSoundInternal             : exinfo->userseek           = 00007FFD04AE71E0
[LOG] SystemI::createSoundInternal             : exinfo->fileuserdata       = 0000019A2DC7D7A8
[LOG] SystemI::createSoundInternal             : exinfo->initialseekpostype = 1
[LOG] SystemI::DSPCodecPoolRegister            : register codec pool for pool type 5
[LOG] SystemI::createSoundInternal             : Sample 0/1: name='Dash01', format=2, channels=1, frequency=48000, lengthbytes=3840, lengthpcm=16695, pcmblocksize=0, loopstart=0, loopend=0, mode=0x00000000, channelmask=0x00000000, channelorder=0, peakvolume=0.791901.
[LOG] SystemI::createSoundInternal             : Create name='', mode=0x02000202
[LOG] SystemI::createSoundInternal             : exinfo->cbsize             = 224
[LOG] SystemI::createSoundInternal             : exinfo->length             = 2570112
[LOG] SystemI::createSoundInternal             : exinfo->fileoffset         = 55136
[LOG] SystemI::createSoundInternal             : exinfo->numsubsounds       = 1
[LOG] SystemI::createSoundInternal             : exinfo->inclusionlist      = 0000004D4925F31C
[LOG] SystemI::createSoundInternal             : exinfo->inclusionlistnum   = 1
[LOG] SystemI::createSoundInternal             : exinfo->suggestedsoundtype = 5
[LOG] SystemI::createSoundInternal             : exinfo->useropen           = 00007FFD04AE7050
[LOG] SystemI::createSoundInternal             : exinfo->userclose          = 00007FFD04AE7020
[LOG] SystemI::createSoundInternal             : exinfo->userread           = 00007FFD04AE7120
[LOG] SystemI::createSoundInternal             : exinfo->userseek           = 00007FFD04AE71E0
[LOG] SystemI::createSoundInternal             : exinfo->fileuserdata       = 0000019A2DC7D7A8
[LOG] SystemI::createSoundInternal             : exinfo->initialseekpostype = 1
[LOG] SystemI::DSPCodecPoolRegister            : register codec pool for pool type 5
[LOG] SystemI::createSoundInternal             : Sample 0/1: name='Dash02', format=2, channels=1, frequency=48000, lengthbytes=3008, lengthpcm=15433, pcmblocksize=0, loopstart=0, loopend=0, mode=0x00000000, channelmask=0x00000000, channelorder=0, peakvolume=0.920959.
[LOG] SystemI::createSoundInternal             : Create name='', mode=0x02000202
[LOG] SystemI::createSoundInternal             : exinfo->cbsize             = 224
[LOG] SystemI::createSoundInternal             : exinfo->length             = 2570112
[LOG] SystemI::createSoundInternal             : exinfo->fileoffset         = 55136
[LOG] SystemI::createSoundInternal             : exinfo->numsubsounds       = 1
[LOG] SystemI::createSoundInternal             : exinfo->inclusionlist      = 0000004D4925F31C
[LOG] SystemI::createSoundInternal             : exinfo->inclusionlistnum   = 1
[LOG] SystemI::createSoundInternal             : exinfo->suggestedsoundtype = 5
[LOG] SystemI::createSoundInternal             : exinfo->useropen           = 00007FFD04AE7050
[LOG] SystemI::createSoundInternal             : exinfo->userclose          = 00007FFD04AE7020
[LOG] SystemI::createSoundInternal             : exinfo->userread           = 00007FFD04AE7120
[LOG] SystemI::createSoundInternal             : exinfo->userseek           = 00007FFD04AE71E0
[LOG] SystemI::createSoundInternal             : exinfo->fileuserdata       = 0000019A2DC7D7A8
[LOG] SystemI::createSoundInternal             : exinfo->initialseekpostype = 1
[LOG] SystemI::DSPCodecPoolRegister            : register codec pool for pool type 5
[LOG] SystemI::createSoundInternal             : Sample 0/1: name='Whip01', format=2, channels=1, frequency=48000, lengthbytes=1664, lengthpcm=10677, pcmblocksize=0, loopstart=0, loopend=0, mode=0x00000000, channelmask=0x00000000, channelorder=0, peakvolume=0.506409.
[LOG] SystemI::createSoundInternal             : Create name='', mode=0x02000202
[LOG] SystemI::createSoundInternal             : exinfo->cbsize             = 224
[LOG] SystemI::createSoundInternal             : exinfo->length             = 2570112
[LOG] SystemI::createSoundInternal             : exinfo->fileoffset         = 55136
[LOG] SystemI::createSoundInternal             : exinfo->numsubsounds       = 1
[LOG] SystemI::createSoundInternal             : exinfo->inclusionlist      = 0000004D4925F31C
[LOG] SystemI::createSoundInternal             : exinfo->inclusionlistnum   = 1
[LOG] SystemI::createSoundInternal             : exinfo->suggestedsoundtype = 5
[LOG] SystemI::createSoundInternal             : exinfo->useropen           = 00007FFD04AE7050
[LOG] SystemI::createSoundInternal             : exinfo->userclose          = 00007FFD04AE7020
[LOG] SystemI::createSoundInternal             : exinfo->userread           = 00007FFD04AE7120
[LOG] SystemI::createSoundInternal             : exinfo->userseek           = 00007FFD04AE71E0
[LOG] SystemI::createSoundInternal             : exinfo->fileuserdata       = 0000019A29988618
[LOG] SystemI::createSoundInternal             : exinfo->initialseekpostype = 1
[LOG] SystemI::DSPCodecPoolRegister            : register codec pool for pool type 5
[LOG] SystemI::createSoundInternal             : Sample 0/1: name='SpinLow', format=2, channels=1, frequency=48000, lengthbytes=5216, lengthpcm=32243, pcmblocksize=0, loopstart=0, loopend=0, mode=0x00000000, channelmask=0x00000000, channelorder=0, peakvolume=0.328705.
[LOG] SystemI::createSoundInternal             : Create name='', mode=0x02000202
[LOG] SystemI::createSoundInternal             : exinfo->cbsize             = 224
[LOG] SystemI::createSoundInternal             : exinfo->length             = 2570112
[LOG] SystemI::createSoundInternal             : exinfo->fileoffset         = 55136
[LOG] SystemI::createSoundInternal             : exinfo->numsubsounds       = 1
[LOG] SystemI::createSoundInternal             : exinfo->inclusionlist      = 0000004D4925F31C
[LOG] SystemI::createSoundInternal             : exinfo->inclusionlistnum   = 1
[LOG] SystemI::createSoundInternal             : exinfo->suggestedsoundtype = 5
[LOG] SystemI::createSoundInternal             : exinfo->useropen           = 00007FFD04AE7050
[LOG] SystemI::createSoundInternal             : exinfo->userclose          = 00007FFD04AE7020
[LOG] SystemI::createSoundInternal             : exinfo->userread           = 00007FFD04AE7120
[LOG] SystemI::createSoundInternal             : exinfo->userseek           = 00007FFD04AE71E0
[LOG] SystemI::createSoundInternal             : exinfo->fileuserdata       = 0000019A29988618
[LOG] SystemI::createSoundInternal             : exinfo->initialseekpostype = 1
[LOG] SystemI::DSPCodecPoolRegister            : register codec pool for pool type 5
[LOG] SystemI::createSoundInternal             : Sample 0/1: name='SpinHigh', format=2, channels=1, frequency=48000, lengthbytes=5312, lengthpcm=32243, pcmblocksize=0, loopstart=0, loopend=0, mode=0x00000000, channelmask=0x00000000, channelorder=0, peakvolume=0.166138.
[LOG] SystemI::createSoundInternal             : Create name='', mode=0x02000202
[LOG] SystemI::createSoundInternal             : exinfo->cbsize             = 224
[LOG] SystemI::createSoundInternal             : exinfo->length             = 2570112
[LOG] SystemI::createSoundInternal             : exinfo->fileoffset         = 55136
[LOG] SystemI::createSoundInternal             : exinfo->numsubsounds       = 1
[LOG] SystemI::createSoundInternal             : exinfo->inclusionlist      = 0000004D4925F31C
[LOG] SystemI::createSoundInternal             : exinfo->inclusionlistnum   = 1
[LOG] SystemI::createSoundInternal             : exinfo->suggestedsoundtype = 5
[LOG] SystemI::createSoundInternal             : exinfo->useropen           = 00007FFD04AE7050
[LOG] SystemI::createSoundInternal             : exinfo->userclose          = 00007FFD04AE7020
[LOG] SystemI::createSoundInternal             : exinfo->userread           = 00007FFD04AE7120
[LOG] SystemI::createSoundInternal             : exinfo->userseek           = 00007FFD04AE71E0
[LOG] SystemI::createSoundInternal             : exinfo->fileuserdata       = 0000019A29988618
[LOG] SystemI::createSoundInternal             : exinfo->initialseekpostype = 1
[LOG] SystemI::DSPCodecPoolRegister            : register codec pool for pool type 5
[LOG] SystemI::createSoundInternal             : Sample 0/1: name='SpinMid', format=2, channels=1, frequency=48000, lengthbytes=5280, lengthpcm=32243, pcmblocksize=0, loopstart=0, loopend=0, mode=0x00000000, channelmask=0x00000000, channelorder=0, peakvolume=0.156860.
[LOG] Manager::readBank                        : fileversion = 121, compatVersion = 119 (oldest = 44, newest = 121)
[LOG] SystemI::createSoundInternal             : Create name='', mode=0x02000202
[LOG] SystemI::createSoundInternal             : exinfo->cbsize             = 224
[LOG] SystemI::createSoundInternal             : exinfo->length             = 2570112
[LOG] SystemI::createSoundInternal             : exinfo->fileoffset         = 55136
[LOG] SystemI::createSoundInternal             : exinfo->numsubsounds       = 1
[LOG] SystemI::createSoundInternal             : exinfo->inclusionlist      = 0000004D4925F31C
[LOG] SystemI::createSoundInternal             : exinfo->inclusionlistnum   = 1
[LOG] SystemI::createSoundInternal             : exinfo->suggestedsoundtype = 5
[LOG] SystemI::createSoundInternal             : exinfo->useropen           = 00007FFD04AE7050
[LOG] SystemI::createSoundInternal             : exinfo->userclose          = 00007FFD04AE7020
[LOG] SystemI::createSoundInternal             : exinfo->userread           = 00007FFD04AE7120
[LOG] SystemI::createSoundInternal             : exinfo->userseek           = 00007FFD04AE71E0
[LOG] SystemI::createSoundInternal             : exinfo->fileuserdata       = 0000019A27BBA1D8
[LOG] SystemI::createSoundInternal             : exinfo->initialseekpostype = 1
[LOG] SystemI::DSPCodecPoolRegister            : register codec pool for pool type 5
[LOG] SystemI::createSoundInternal             : Sample 0/1: name='DragStop', format=2, channels=1, frequency=48000, lengthbytes=2848, lengthpcm=17460, pcmblocksize=0, loopstart=0, loopend=0, mode=0x00000000, channelmask=0x00000000, channelorder=0, peakvolume=0.031616.
[LOG] SystemI::createSoundInternal             : Create name='', mode=0x02000202
[LOG] SystemI::createSoundInternal             : exinfo->cbsize             = 224
[LOG] SystemI::createSoundInternal             : exinfo->length             = 2570112
[LOG] SystemI::createSoundInternal             : exinfo->fileoffset         = 55136
[LOG] SystemI::createSoundInternal             : exinfo->numsubsounds       = 1
[LOG] SystemI::createSoundInternal             : exinfo->inclusionlist      = 0000004D4925F31C
[LOG] SystemI::createSoundInternal             : exinfo->inclusionlistnum   = 1
[LOG] SystemI::createSoundInternal             : exinfo->suggestedsoundtype = 5
[LOG] SystemI::createSoundInternal             : exinfo->useropen           = 00007FFD04AE7050
[LOG] SystemI::createSoundInternal             : exinfo->userclose          = 00007FFD04AE7020
[LOG] SystemI::createSoundInternal             : exinfo->userread           = 00007FFD04AE7120
[LOG] SystemI::createSoundInternal             : exinfo->userseek           = 00007FFD04AE71E0
[LOG] SystemI::createSoundInternal             : exinfo->fileuserdata       = 0000019A27BBA1D8
[LOG] SystemI::createSoundInternal             : exinfo->initialseekpostype = 1
[LOG] SystemI::DSPCodecPoolRegister            : register codec pool for pool type 5
[LOG] SystemI::createSoundInternal             : Sample 0/1: name='DragLoop', format=2, channels=1, frequency=48000, lengthbytes=18112, lengthpcm=106003, pcmblocksize=0, loopstart=0, loopend=0, mode=0x00000000, channelmask=0x00000000, channelorder=0, peakvolume=0.227722.
[LOG] SystemI::createSoundInternal             : Create name='', mode=0x02000202
[LOG] SystemI::createSoundInternal             : exinfo->cbsize             = 224
[LOG] SystemI::createSoundInternal             : exinfo->length             = 2570112
[LOG] SystemI::createSoundInternal             : exinfo->fileoffset         = 55136
[LOG] SystemI::createSoundInternal             : exinfo->numsubsounds       = 1
[LOG] SystemI::createSoundInternal             : exinfo->inclusionlist      = 0000004D4925F31C
[LOG] SystemI::createSoundInternal             : exinfo->inclusionlistnum   = 1
[LOG] SystemI::createSoundInternal             : exinfo->suggestedsoundtype = 5
[LOG] SystemI::createSoundInternal             : exinfo->useropen           = 00007FFD04AE7050
[LOG] SystemI::createSoundInternal             : exinfo->userclose          = 00007FFD04AE7020
[LOG] SystemI::createSoundInternal             : exinfo->userread           = 00007FFD04AE7120
[LOG] SystemI::createSoundInternal             : exinfo->userseek           = 00007FFD04AE71E0
[LOG] SystemI::createSoundInternal             : exinfo->fileuserdata       = 0000019A27BBA1D8
[LOG] SystemI::createSoundInternal             : exinfo->initialseekpostype = 1
[LOG] SystemI::DSPCodecPoolRegister            : register codec pool for pool type 5
[LOG] SystemI::createSoundInternal             : Sample 0/1: name='DragStart', format=2, channels=1, frequency=48000, lengthbytes=3008, lengthpcm=17389, pcmblocksize=0, loopstart=0, loopend=0, mode=0x00000000, channelmask=0x00000000, channelorder=0, peakvolume=0.039429.
[LOG] SoundI::release                          :  (0000019A2DADEEF8)
[LOG] SoundI::release                          :     SpinLow (0000019A2983F428)
[LOG] SoundI::release                          :  (0000019A2DADE098)
[LOG] SoundI::release                          :     SpinMid (0000019A2983FC48)
[LOG] SoundI::release                          :  (0000019A2DADB6E8)
[LOG] SoundI::release                          :     SpinHigh (0000019A2983F5C8)
[LOG] SoundI::release                          :  (0000019A2DADED88)
[LOG] SoundI::release                          :     Dash01 (0000019A2983F288)
[LOG] SoundI::release                          :  (0000019A2DADEC18)
[LOG] SoundI::release                          :     Dash02 (0000019A29840C88)
[LOG] SoundI::release                          :  (0000019A31053658)
[LOG] SoundI::release                          :     Dash03 (0000019A293B4FD8)
[LOG] SoundI::release                          :  (0000019A2DADCDE8)
[LOG] SoundI::release                          :     Whip01 (0000019A29841B28)
[LOG] SoundI::release                          :  (0000019A2DADBE18)
[LOG] SoundI::release                          :     Whip02 (0000019A293B4618)
[LOG] SoundI::release                          :  (0000019A2DADB408)
[LOG] SoundI::release                          :     Whip03 (0000019A27A35DC8)
[LOG] SoundI::release                          :  (0000019A2DADCF58)
[LOG] SoundI::release                          :     Whip04 (0000019A27A36108)
[LOG] SoundI::release                          :  (0000019A2DADEAA8)
[LOG] SoundI::release                          :     DragStart (0000019A2983F768)
[LOG] SoundI::release                          :  (0000019A2DADE378)
[LOG] SoundI::release                          :     DragStop (0000019A298429C8)
[LOG] SoundI::release                          :  (0000019A2DADB128)
[LOG] SoundI::release                          :     DragLoop (0000019A2983F0E8)
[LOG] SoundI::release                          :  (00000198223E01D8)
[LOG] SoundI::release                          :     Bubble01 (0000019A293B7A18)
[LOG] SoundI::release                          :  (00000198223E2E68)
[LOG] SoundI::release                          :     Bubble02 (0000019A293B5178)
[LOG] SoundI::release                          :  (00000199CC9194C8)
[LOG] SoundI::release                          :     Bubble03 (0000019A293B57F8)
[LOG] SoundI::release                          :  (00000198223E32B8)
[LOG] SoundI::release                          :     Splash01 (0000019A293B71F8)
[LOG] SoundI::release                          :  (00000198223E15F8)
[LOG] SoundI::release                          :     Splash02 (0000019A293B4958)
[LOG] SoundI::release                          :  (00000198223E2B88)
[LOG] SoundI::release                          :     Splash03 (0000019A293B6D18)
[LOG] SoundI::release                          :  (0000019A31054628)
[LOG] SoundI::release                          :     Splash04 (0000019A293B69D8)
[LOG] SoundI::release                          :  (0000019A2ADB67B8)
[LOG] SoundI::release                          :     Splash05 (0000019A293B4C98)
[LOG] SoundI::release                          :  (00000198223E2CF8)
[LOG] SoundI::release                          :     Splash06 (0000019A293B64F8)
[LOG] SoundI::release                          :  (00000198223E11A8)
[LOG] SoundI::release                          :     Splash07 (0000019A293B5998)
[LOG] SoundI::release                          :  (00000198223E18D8)
[LOG] SoundI::release                          :     Splash08 (0000019A293B6838)
[LOG] SoundI::release                          :  (00000198223E25C8)
[LOG] SoundI::release                          :     Splash09 (0000019A293B42D8)
[LOG] SoundI::release                          :  (00000198223E2A18)
[LOG] SoundI::release                          :     Splash10 (0000019A293B61B8)
[LOG] SoundI::release                          :  (0000019A310534E8)
[LOG] SoundI::release                          :     Splash11 (0000019A293B5658)
[LOG] SoundI::release                          :  (0000019825D7CFA8)
[LOG] SoundI::release                          :     Sub01 (0000019A293B5E78)
[LOG] SoundI::release                          :  (0000019825D7E3C8)
[LOG] SoundI::release                          :     Sub02 (0000019A293B5CD8)
[LOG] SoundI::release                          :  (0000019A2ADB7618)
[LOG] SoundI::release                          :     Sub03 (0000019A293B7D58)
[LOG] SoundI::release                          :  (00000198223E0798)
[LOG] SoundI::release                          :     Dripping01 (0000019A293B47B8)
[LOG] SoundI::release                          :  (00000198223E1BB8)
[LOG] SoundI::release                          :     Dripping02 (0000019A293B6358)
[LOG] SoundI::release                          :  (00000198223E2FD8)
[LOG] SoundI::release                          :     Dripping03 (0000019A293B6EB8)
[LOG] SoundI::release                          : Music (0000019A31651A58)
[LOG] SoundI::release                          :     Music (0000019A293B6018)
[LOG] SoundI::release                          :     Music (0000019A31650108)
[LOG] SoundI::release                          :  (00000198223E1488)
[LOG] SoundI::release                          :     Dripping04 (0000019A293B6B78)
[LOG] SoundI::release                          :  (0000019A2ADB7A68)
[LOG] SoundI::release                          :     Dripping05 (0000019A293B4AF8)
[LOG] SoundI::release                          :  (0000019A5F817078)
[LOG] SoundI::release                          :     Dripping06 (0000019A293B3F98)
[LOG] SoundI::release                          :  (0000019A5F816F08)
[LOG] SoundI::release                          :     Dripping07 (0000019A293B7538)
[LOG] SoundI::release                          :  (00000198223E1D28)
[LOG] SoundI::release                          :     Dripping08 (0000019A293B7878)
[LOG] SoundI::release                          :  (00000198223E3148)
[LOG] SoundI::release                          :     Underwater (0000019A293B4478)
[LOG] SoundI::release                          :  (00000198223E2008)
[LOG] SoundI::release                          :     Dripping09 (0000019A293B7058)
[LOG] SoundI::release                          :  (00000198223E2738)
[LOG] SoundI::release                          :     StartGong (0000019A293B5B38)
[LOG] Thread::callback                         : FMOD Studio update thread finished.
[LOG] Thread::callback                         : FMOD Studio bank load thread finished.
[LOG] Profile::disconnectAll                   : Profiler disconnecting all clients
[LOG] Thread::callback                         : FMOD Studio sample load thread finished.
[LOG] LiveUpdate::release                      : 
[LOG] LiveUpdate::reset                        : Reset connection (reason Disconnected)
[LOG] Thread::callback                         : FMOD stream thread finished.
[LOG] Thread::callback                         : FMOD mixer thread finished.
[LOG] Profile::disconnectAll                   : Profiler disconnecting all clients
[LOG] SystemI::close                           : Closed.
[LOG] Manager::readBank                        : fileversion = 121, compatVersion = 119 (oldest = 44, newest = 121)
[LOG] Manager::readBank                        : fileversion = 121, compatVersion = 119 (oldest = 44, newest = 121)
[LOG] Manager::readBank                        : fileversion = 121, compatVersion = 119 (oldest = 44, newest = 121)
[LOG] Manager::readBank                        : fileversion = 121, compatVersion = 119 (oldest = 44, newest = 121)
[LOG] Manager::readBank                        : fileversion = 121, compatVersion = 119 (oldest = 44, newest = 121)
[LOG] Manager::readBank                        : fileversion = 121, compatVersion = 119 (oldest = 44, newest = 121)
[LOG] PlaybackSystem::acquireMasterBus         : Setting master channel group format to 3
[LOG] Thread::callback                         : FMOD Studio bank load thread finished.
[LOG] Thread::callback                         : FMOD Studio sample load thread finished.
[LOG] LiveUpdate::release                      : 
[LOG] LiveUpdate::reset                        : Reset connection (reason Disconnected)
[LOG] Thread::callback                         : FMOD stream thread finished.
[LOG] Thread::callback                         : FMOD mixer thread finished.
[LOG] Thread::callback                         : FMOD nonblocking thread (0) finished.
[LOG] Thread::callback                         : FMOD file thread finished.
[LOG] SystemI::close                           : Closed.
